Performing C SOURCE FILE Test CMAKE_HAVE_LIBC_PTHREAD failed with the following output:
Change Dir: /home/toler/projects/CGAL_curvature/main/get_distance_build/CMakeFiles/CMakeTmp

Run Build Command(s):/usr/bin/make cmTC_13d24/fast && /usr/bin/make -f CMakeFiles/cmTC_13d24.dir/build.make CMakeFiles/cmTC_13d24.dir/build
make[1]: Entering directory '/home/toler/projects/CGAL_curvature/main/get_distance_build/CMakeFiles/CMakeTmp'
Building C object CMakeFiles/cmTC_13d24.dir/src.c.o
/usr/bin/cc   -DCMAKE_HAVE_LIBC_PTHREAD   -o CMakeFiles/cmTC_13d24.dir/src.c.o   -c /home/toler/projects/CGAL_curvature/main/get_distance_build/CMakeFiles/CMakeTmp/src.c
Linking C executable cmTC_13d24
/usr/bin/cmake -E cmake_link_script CMakeFiles/cmTC_13d24.dir/link.txt --verbose=1
/usr/bin/cc  -DCMAKE_HAVE_LIBC_PTHREAD    CMakeFiles/cmTC_13d24.dir/src.c.o  -o cmTC_13d24 
/usr/bin/ld: CMakeFiles/cmTC_13d24.dir/src.c.o: in function `main':
src.c:(.text+0x46): undefined reference to `pthread_create'
/usr/bin/ld: src.c:(.text+0x52): undefined reference to `pthread_detach'
/usr/bin/ld: src.c:(.text+0x63): undefined reference to `pthread_join'
collect2: error: ld returned 1 exit status
make[1]: *** [CMakeFiles/cmTC_13d24.dir/build.make:87: cmTC_13d24] Error 1
make[1]: Leaving directory '/home/toler/projects/CGAL_curvature/main/get_distance_build/CMakeFiles/CMakeTmp'
make: *** [Makefile:121: cmTC_13d24/fast] Error 2


Source file was:
#include <pthread.h>

void* test_func(void* data)
{
  return data;
}

int main(void)
{
  pthread_t thread;
  pthread_create(&thread, NULL, test_func, NULL);
  pthread_detach(thread);
  pthread_join(thread, NULL);
  pthread_atfork(NULL, NULL, NULL);
  pthread_exit(NULL);

  return 0;
}

Performing C SOURCE FILE Test CMAKE_HAVE_LIBC_PTHREAD failed with the following output:
Change Dir: /home/twebb8/projects/cgal/c_curved_space/main/get_distance_build/CMakeFiles/CMakeTmp

Run Build Command(s):/usr/bin/make cmTC_7b1a7/fast && /usr/bin/make -f CMakeFiles/cmTC_7b1a7.dir/build.make CMakeFiles/cmTC_7b1a7.dir/build
make[1]: Entering directory '/home/twebb8/projects/cgal/c_curved_space/main/get_distance_build/CMakeFiles/CMakeTmp'
Building C object CMakeFiles/cmTC_7b1a7.dir/src.c.o
/usr/bin/cc   -DCMAKE_HAVE_LIBC_PTHREAD   -o CMakeFiles/cmTC_7b1a7.dir/src.c.o   -c /home/twebb8/projects/cgal/c_curved_space/main/get_distance_build/CMakeFiles/CMakeTmp/src.c
Linking C executable cmTC_7b1a7
/usr/bin/cmake -E cmake_link_script CMakeFiles/cmTC_7b1a7.dir/link.txt --verbose=1
/usr/bin/cc  -DCMAKE_HAVE_LIBC_PTHREAD    CMakeFiles/cmTC_7b1a7.dir/src.c.o  -o cmTC_7b1a7 
/usr/bin/ld: CMakeFiles/cmTC_7b1a7.dir/src.c.o: in function `main':
src.c:(.text+0x46): undefined reference to `pthread_create'
/usr/bin/ld: src.c:(.text+0x52): undefined reference to `pthread_detach'
/usr/bin/ld: src.c:(.text+0x63): undefined reference to `pthread_join'
collect2: error: ld returned 1 exit status
make[1]: *** [CMakeFiles/cmTC_7b1a7.dir/build.make:87: cmTC_7b1a7] Error 1
make[1]: Leaving directory '/home/twebb8/projects/cgal/c_curved_space/main/get_distance_build/CMakeFiles/CMakeTmp'
make: *** [Makefile:121: cmTC_7b1a7/fast] Error 2


Source file was:
#include <pthread.h>

void* test_func(void* data)
{
  return data;
}

int main(void)
{
  pthread_t thread;
  pthread_create(&thread, NULL, test_func, NULL);
  pthread_detach(thread);
  pthread_join(thread, NULL);
  pthread_atfork(NULL, NULL, NULL);
  pthread_exit(NULL);

  return 0;
}

