Performing C SOURCE FILE Test CMAKE_HAVE_LIBC_PTHREAD failed with the following output:
Change Dir: /home/toler/projects/CGAL_curvature/main/attempt_simulate/sim_ssc/sim_ssc_build/CMakeFiles/CMakeTmp

Run Build Command(s):/usr/bin/make cmTC_fa75d/fast && /usr/bin/make -f CMakeFiles/cmTC_fa75d.dir/build.make CMakeFiles/cmTC_fa75d.dir/build
make[1]: Entering directory '/home/toler/projects/CGAL_curvature/main/attempt_simulate/sim_ssc/sim_ssc_build/CMakeFiles/CMakeTmp'
Building C object CMakeFiles/cmTC_fa75d.dir/src.c.o
/usr/bin/cc   -DCMAKE_HAVE_LIBC_PTHREAD   -o CMakeFiles/cmTC_fa75d.dir/src.c.o   -c /home/toler/projects/CGAL_curvature/main/attempt_simulate/sim_ssc/sim_ssc_build/CMakeFiles/CMakeTmp/src.c
Linking C executable cmTC_fa75d
/usr/bin/cmake -E cmake_link_script CMakeFiles/cmTC_fa75d.dir/link.txt --verbose=1
/usr/bin/cc  -DCMAKE_HAVE_LIBC_PTHREAD    CMakeFiles/cmTC_fa75d.dir/src.c.o  -o cmTC_fa75d 
/usr/bin/ld: CMakeFiles/cmTC_fa75d.dir/src.c.o: in function `main':
src.c:(.text+0x46): undefined reference to `pthread_create'
/usr/bin/ld: src.c:(.text+0x52): undefined reference to `pthread_detach'
/usr/bin/ld: src.c:(.text+0x63): undefined reference to `pthread_join'
collect2: error: ld returned 1 exit status
make[1]: *** [CMakeFiles/cmTC_fa75d.dir/build.make:87: cmTC_fa75d] Error 1
make[1]: Leaving directory '/home/toler/projects/CGAL_curvature/main/attempt_simulate/sim_ssc/sim_ssc_build/CMakeFiles/CMakeTmp'
make: *** [Makefile:121: cmTC_fa75d/fast] Error 2


Source file was:
#include <pthread.h>

void* test_func(void* data)
{
  return data;
}

int main(void)
{
  pthread_t thread;
  pthread_create(&thread, NULL, test_func, NULL);
  pthread_detach(thread);
  pthread_join(thread, NULL);
  pthread_atfork(NULL, NULL, NULL);
  pthread_exit(NULL);

  return 0;
}

Performing C SOURCE FILE Test CMAKE_HAVE_LIBC_PTHREAD failed with the following output:
Change Dir: /home/toler/projects/CGAL_curvature/main/attempt_simulate/sim_new/sim_new_build/CMakeFiles/CMakeTmp

Run Build Command(s):/usr/bin/make cmTC_f7926/fast && /usr/bin/make -f CMakeFiles/cmTC_f7926.dir/build.make CMakeFiles/cmTC_f7926.dir/build
make[1]: Entering directory '/home/toler/projects/CGAL_curvature/main/attempt_simulate/sim_new/sim_new_build/CMakeFiles/CMakeTmp'
Building C object CMakeFiles/cmTC_f7926.dir/src.c.o
/usr/bin/cc   -DCMAKE_HAVE_LIBC_PTHREAD   -o CMakeFiles/cmTC_f7926.dir/src.c.o   -c /home/toler/projects/CGAL_curvature/main/attempt_simulate/sim_new/sim_new_build/CMakeFiles/CMakeTmp/src.c
Linking C executable cmTC_f7926
/usr/bin/cmake -E cmake_link_script CMakeFiles/cmTC_f7926.dir/link.txt --verbose=1
/usr/bin/cc  -DCMAKE_HAVE_LIBC_PTHREAD    CMakeFiles/cmTC_f7926.dir/src.c.o  -o cmTC_f7926 
/usr/bin/ld: CMakeFiles/cmTC_f7926.dir/src.c.o: in function `main':
src.c:(.text+0x46): undefined reference to `pthread_create'
/usr/bin/ld: src.c:(.text+0x52): undefined reference to `pthread_detach'
/usr/bin/ld: src.c:(.text+0x63): undefined reference to `pthread_join'
collect2: error: ld returned 1 exit status
make[1]: *** [CMakeFiles/cmTC_f7926.dir/build.make:87: cmTC_f7926] Error 1
make[1]: Leaving directory '/home/toler/projects/CGAL_curvature/main/attempt_simulate/sim_new/sim_new_build/CMakeFiles/CMakeTmp'
make: *** [Makefile:121: cmTC_f7926/fast] Error 2


Source file was:
#include <pthread.h>

void* test_func(void* data)
{
  return data;
}

int main(void)
{
  pthread_t thread;
  pthread_create(&thread, NULL, test_func, NULL);
  pthread_detach(thread);
  pthread_join(thread, NULL);
  pthread_atfork(NULL, NULL, NULL);
  pthread_exit(NULL);

  return 0;
}

